[0.020s] Invoking command in '/home/sudhindra/joy_commands/build/manual_control': CMAKE_PREFIX_PATH=/opt/ros/humble /usr/bin/cmake /home/sudhindra/joy_commands/src/manual_control -DCMAKE_INSTALL_PREFIX=/home/sudhindra/joy_commands/install/manual_control
[0.046s] -- Found ament_cmake: 1.3.12 (/opt/ros/humble/share/ament_cmake/cmake)
[0.293s] -- Found rclcpp: 16.0.15 (/opt/ros/humble/share/rclcpp/cmake)
[0.358s] -- Found rosidl_generator_c: 3.1.7 (/opt/ros/humble/share/rosidl_generator_c/cmake)
[0.362s] -- Found rosidl_adapter: 3.1.7 (/opt/ros/humble/share/rosidl_adapter/cmake)
[0.373s] -- Found rosidl_generator_cpp: 3.1.7 (/opt/ros/humble/share/rosidl_generator_cpp/cmake)
[0.390s] -- Using all available rosidl_typesupport_c: rosidl_typesupport_fastrtps_c;rosidl_typesupport_introspection_c
[0.412s] -- Using all available rosidl_typesupport_cpp: rosidl_typesupport_fastrtps_cpp;rosidl_typesupport_introspection_cpp
[0.513s] -- Found rmw_implementation_cmake: 6.1.2 (/opt/ros/humble/share/rmw_implementation_cmake/cmake)
[0.520s] -- Found rmw_fastrtps_cpp: 6.2.9 (/opt/ros/humble/share/rmw_fastrtps_cpp/cmake)
[0.729s] -- Found OpenSSL: /usr/lib/x86_64-linux-gnu/libcrypto.so (found version "3.0.2")  
[0.788s] -- Found FastRTPS: /opt/ros/humble/include  
[0.874s] -- Using RMW implementation 'rmw_fastrtps_cpp' as default
[0.897s] -- Looking for pthread.h
[1.070s] -- Looking for pthread.h - found
[1.070s] -- Performing Test CMAKE_HAVE_LIBC_PTHREAD
[1.224s] -- Performing Test CMAKE_HAVE_LIBC_PTHREAD - Success
[1.227s] -- Found Threads: TRUE  
[1.324s] [31mCMake Error at /opt/ros/humble/share/ament_cmake_target_dependencies/cmake/ament_target_dependencies.cmake:77 (message):
[1.324s]   ament_target_dependencies() the passed package name 'sensor_msgs' was not
[1.324s]   found before
[1.324s] Call Stack (most recent call first):
[1.325s]   CMakeLists.txt:14 (ament_target_dependencies)
[1.325s] 
[1.325s] [0m
[1.325s] -- Configuring incomplete, errors occurred!
[1.325s] See also "/home/sudhindra/joy_commands/build/manual_control/CMakeFiles/CMakeOutput.log".
[1.343s] Invoked command in '/home/sudhindra/joy_commands/build/manual_control' returned '1': CMAKE_PREFIX_PATH=/opt/ros/humble /usr/bin/cmake /home/sudhindra/joy_commands/src/manual_control -DCMAKE_INSTALL_PREFIX=/home/sudhindra/joy_commands/install/manual_control
