[0.019s] Invoking command in '/home/sudhindra/joy_commands/build/manual_control': CMAKE_PREFIX_PATH=/opt/ros/humble /usr/bin/cmake /home/sudhindra/joy_commands/src/manual_control -DCMAKE_INSTALL_PREFIX=/home/sudhindra/joy_commands/install/manual_control
[0.314s] -- The C compiler identification is GNU 11.4.0
[0.520s] -- The CXX compiler identification is GNU 11.4.0
[0.540s] -- Detecting C compiler ABI info
[0.695s] -- Detecting C compiler ABI info - done
[0.708s] -- Check for working C compiler: /usr/bin/cc - skipped
[0.709s] -- Detecting C compile features
[0.710s] -- Detecting C compile features - done
[0.717s] -- Detecting CXX compiler ABI info
[0.893s] -- Detecting CXX compiler ABI info - done
[0.907s] -- Check for working CXX compiler: /usr/bin/c++ - skipped
[0.907s] -- Detecting CXX compile features
[0.908s] -- Detecting CXX compile features - done
[0.915s] -- Found ament_cmake: 1.3.12 (/opt/ros/humble/share/ament_cmake/cmake)
[1.211s] -- Found Python3: /usr/bin/python3 (found version "3.10.12") found components: Interpreter 
[1.415s] -- Found rclpy: 3.3.17 (/opt/ros/humble/share/rclpy/cmake)
[1.418s] -- Found std_msgs: 4.9.0 (/opt/ros/humble/share/std_msgs/cmake)
[1.513s] -- Found rosidl_generator_c: 3.1.7 (/opt/ros/humble/share/rosidl_generator_c/cmake)
[1.525s] -- Found rosidl_adapter: 3.1.7 (/opt/ros/humble/share/rosidl_adapter/cmake)
[1.550s] -- Found rosidl_generator_cpp: 3.1.7 (/opt/ros/humble/share/rosidl_generator_cpp/cmake)
[1.585s] -- Using all available rosidl_typesupport_c: rosidl_typesupport_fastrtps_c;rosidl_typesupport_introspection_c
[1.626s] -- Using all available rosidl_typesupport_cpp: rosidl_typesupport_fastrtps_cpp;rosidl_typesupport_introspection_cpp
[1.692s] [31mCMake Error at /opt/ros/humble/share/ament_cmake_target_dependencies/cmake/ament_target_dependencies.cmake:77 (message):
[1.692s]   ament_target_dependencies() the passed package name 'rclcpp' was not found
[1.692s]   before
[1.692s] Call Stack (most recent call first):
[1.692s]   CMakeLists.txt:14 (ament_target_dependencies)
[1.693s] 
[1.693s] [0m
[1.693s] -- Configuring incomplete, errors occurred!
[1.693s] See also "/home/sudhindra/joy_commands/build/manual_control/CMakeFiles/CMakeOutput.log".
[1.706s] Invoked command in '/home/sudhindra/joy_commands/build/manual_control' returned '1': CMAKE_PREFIX_PATH=/opt/ros/humble /usr/bin/cmake /home/sudhindra/joy_commands/src/manual_control -DCMAKE_INSTALL_PREFIX=/home/sudhindra/joy_commands/install/manual_control
