[0.020s] Invoking command in '/home/sudhindra/joy_commands/build/manual_control': CMAKE_PREFIX_PATH=${CMAKE_PREFIX_PATH}:/opt/ros/humble /usr/bin/cmake /home/sudhindra/joy_commands/src/manual_control -DAMENT_CMAKE_SYMLINK_INSTALL=1 -DCMAKE_INSTALL_PREFIX=/home/sudhindra/joy_commands/install/manual_control
[0.046s] -- Found ament_cmake: 1.3.12 (/opt/ros/humble/share/ament_cmake/cmake)
[0.277s] -- Override CMake install command with custom implementation using symlinks instead of copying resources
[0.293s] -- Found rclcpp: 16.0.15 (/opt/ros/humble/share/rclcpp/cmake)
[0.348s] -- Found rosidl_generator_c: 3.1.7 (/opt/ros/humble/share/rosidl_generator_c/cmake)
[0.352s] -- Found rosidl_adapter: 3.1.7 (/opt/ros/humble/share/rosidl_adapter/cmake)
[0.363s] -- Found rosidl_generator_cpp: 3.1.7 (/opt/ros/humble/share/rosidl_generator_cpp/cmake)
[0.380s] -- Using all available rosidl_typesupport_c: rosidl_typesupport_fastrtps_c;rosidl_typesupport_introspection_c
[0.402s] -- Using all available rosidl_typesupport_cpp: rosidl_typesupport_fastrtps_cpp;rosidl_typesupport_introspection_cpp
[0.462s] -- Found rmw_implementation_cmake: 6.1.2 (/opt/ros/humble/share/rmw_implementation_cmake/cmake)
[0.465s] -- Found rmw_fastrtps_cpp: 6.2.9 (/opt/ros/humble/share/rmw_fastrtps_cpp/cmake)
[0.673s] -- Using RMW implementation 'rmw_fastrtps_cpp' as default
[0.765s] -- Found sensor_msgs: 4.9.0 (/opt/ros/humble/share/sensor_msgs/cmake)
[0.820s] -- Found ament_lint_auto: 0.12.14 (/opt/ros/humble/share/ament_lint_auto/cmake)
[0.959s] -- Added test 'cppcheck' to perform static code analysis on C / C++ code
[0.959s] -- Configured cppcheck include dirs: 
[0.959s] -- Configured cppcheck exclude dirs and/or files: 
[0.960s] -- Added test 'lint_cmake' to check CMake code style
[0.962s] -- Added test 'uncrustify' to check C / C++ code style
[0.962s] -- Configured uncrustify additional arguments: 
[0.962s] -- Added test 'xmllint' to check XML markup files
[0.964s] -- Configuring done
[0.984s] -- Generating done
[0.990s] -- Build files have been written to: /home/sudhindra/joy_commands/build/manual_control
[1.005s] Invoked command in '/home/sudhindra/joy_commands/build/manual_control' returned '0': CMAKE_PREFIX_PATH=${CMAKE_PREFIX_PATH}:/opt/ros/humble /usr/bin/cmake /home/sudhindra/joy_commands/src/manual_control -DAMENT_CMAKE_SYMLINK_INSTALL=1 -DCMAKE_INSTALL_PREFIX=/home/sudhindra/joy_commands/install/manual_control
[1.009s] Invoking command in '/home/sudhindra/joy_commands/build/manual_control': CMAKE_PREFIX_PATH=${CMAKE_PREFIX_PATH}:/opt/ros/humble /usr/bin/cmake --build /home/sudhindra/joy_commands/build/manual_control -- -j16 -l16
[1.096s] [35m[1mConsolidate compiler generated dependencies of target udp_joystick_sender[0m
[1.133s] [ 50%] [32mBuilding CXX object CMakeFiles/udp_joystick_sender.dir/src/udp_joystick_sender.cpp.o[0m
[10.963s] [100%] [32m[1mLinking CXX executable udp_joystick_sender[0m
[11.192s] [100%] Built target udp_joystick_sender
[11.204s] Invoked command in '/home/sudhindra/joy_commands/build/manual_control' returned '0': CMAKE_PREFIX_PATH=${CMAKE_PREFIX_PATH}:/opt/ros/humble /usr/bin/cmake --build /home/sudhindra/joy_commands/build/manual_control -- -j16 -l16
[11.214s] Invoking command in '/home/sudhindra/joy_commands/build/manual_control': CMAKE_PREFIX_PATH=${CMAKE_PREFIX_PATH}:/opt/ros/humble /usr/bin/cmake --install /home/sudhindra/joy_commands/build/manual_control
[11.219s] -- Install configuration: ""
[11.219s] -- Execute custom install script
[11.219s] -- Symlinking: /home/sudhindra/joy_commands/install/manual_control/lib/manual_control/udp_joystick_sender
[11.227s] -- Symlinking: /home/sudhindra/joy_commands/install/manual_control/share/ament_index/resource_index/package_run_dependencies/manual_control
[11.236s] -- Symlinking: /home/sudhindra/joy_commands/install/manual_control/share/ament_index/resource_index/parent_prefix_path/manual_control
[11.243s] -- Symlinking: /home/sudhindra/joy_commands/install/manual_control/share/manual_control/environment/ament_prefix_path.sh
[11.251s] -- Symlinking: /home/sudhindra/joy_commands/install/manual_control/share/manual_control/environment/ament_prefix_path.dsv
[11.259s] -- Symlinking: /home/sudhindra/joy_commands/install/manual_control/share/manual_control/environment/path.sh
[11.269s] -- Symlinking: /home/sudhindra/joy_commands/install/manual_control/share/manual_control/environment/path.dsv
[11.276s] -- Symlinking: /home/sudhindra/joy_commands/install/manual_control/share/manual_control/local_setup.bash
[11.286s] -- Symlinking: /home/sudhindra/joy_commands/install/manual_control/share/manual_control/local_setup.sh
[11.293s] -- Symlinking: /home/sudhindra/joy_commands/install/manual_control/share/manual_control/local_setup.zsh
[11.301s] -- Symlinking: /home/sudhindra/joy_commands/install/manual_control/share/manual_control/local_setup.dsv
[11.309s] -- Symlinking: /home/sudhindra/joy_commands/install/manual_control/share/manual_control/package.dsv
[11.316s] -- Symlinking: /home/sudhindra/joy_commands/install/manual_control/share/ament_index/resource_index/packages/manual_control
[11.324s] -- Symlinking: /home/sudhindra/joy_commands/install/manual_control/share/manual_control/cmake/manual_controlConfig.cmake
[11.332s] -- Symlinking: /home/sudhindra/joy_commands/install/manual_control/share/manual_control/cmake/manual_controlConfig-version.cmake
[11.340s] -- Symlinking: /home/sudhindra/joy_commands/install/manual_control/share/manual_control/package.xml
[11.350s] Invoked command in '/home/sudhindra/joy_commands/build/manual_control' returned '0': CMAKE_PREFIX_PATH=${CMAKE_PREFIX_PATH}:/opt/ros/humble /usr/bin/cmake --install /home/sudhindra/joy_commands/build/manual_control
