-- Found ament_cmake: 1.3.12 (/opt/ros/humble/share/ament_cmake/cmake)
-- Override CMake install command with custom implementation using symlinks instead of copying resources
-- Found rclcpp: 16.0.15 (/opt/ros/humble/share/rclcpp/cmake)
-- Found rosidl_generator_c: 3.1.7 (/opt/ros/humble/share/rosidl_generator_c/cmake)
-- Found rosidl_adapter: 3.1.7 (/opt/ros/humble/share/rosidl_adapter/cmake)
-- Found rosidl_generator_cpp: 3.1.7 (/opt/ros/humble/share/rosidl_generator_cpp/cmake)
-- Using all available rosidl_typesupport_c: rosidl_typesupport_fastrtps_c;rosidl_typesupport_introspection_c
-- Using all available rosidl_typesupport_cpp: rosidl_typesupport_fastrtps_cpp;rosidl_typesupport_introspection_cpp
-- Found rmw_implementation_cmake: 6.1.2 (/opt/ros/humble/share/rmw_implementation_cmake/cmake)
-- Found rmw_fastrtps_cpp: 6.2.9 (/opt/ros/humble/share/rmw_fastrtps_cpp/cmake)
-- Using RMW implementation 'rmw_fastrtps_cpp' as default
-- Found sensor_msgs: 4.9.0 (/opt/ros/humble/share/sensor_msgs/cmake)
-- Found ament_lint_auto: 0.12.14 (/opt/ros/humble/share/ament_lint_auto/cmake)
-- Added test 'cppcheck' to perform static code analysis on C / C++ code
-- Configured cppcheck include dirs: 
-- Configured cppcheck exclude dirs and/or files: 
-- Added test 'lint_cmake' to check CMake code style
-- Added test 'uncrustify' to check C / C++ code style
-- Configured uncrustify additional arguments: 
-- Added test 'xmllint' to check XML markup files
-- Configuring done
-- Generating done
-- Build files have been written to: /home/sudhindra/joy_commands/build/manual_control
[35m[1mConsolidate compiler generated dependencies of target udp_joystick_sender[0m
[ 50%] [32mBuilding CXX object CMakeFiles/udp_joystick_sender.dir/src/udp_joystick_sender.cpp.o[0m
[100%] [32m[1mLinking CXX executable udp_joystick_sender[0m
[100%] Built target udp_joystick_sender
-- Install configuration: ""
-- Execute custom install script
-- Symlinking: /home/sudhindra/joy_commands/install/manual_control/lib/manual_control/udp_joystick_sender
-- Symlinking: /home/sudhindra/joy_commands/install/manual_control/share/ament_index/resource_index/package_run_dependencies/manual_control
-- Symlinking: /home/sudhindra/joy_commands/install/manual_control/share/ament_index/resource_index/parent_prefix_path/manual_control
-- Symlinking: /home/sudhindra/joy_commands/install/manual_control/share/manual_control/environment/ament_prefix_path.sh
-- Symlinking: /home/sudhindra/joy_commands/install/manual_control/share/manual_control/environment/ament_prefix_path.dsv
-- Symlinking: /home/sudhindra/joy_commands/install/manual_control/share/manual_control/environment/path.sh
-- Symlinking: /home/sudhindra/joy_commands/install/manual_control/share/manual_control/environment/path.dsv
-- Symlinking: /home/sudhindra/joy_commands/install/manual_control/share/manual_control/local_setup.bash
-- Symlinking: /home/sudhindra/joy_commands/install/manual_control/share/manual_control/local_setup.sh
-- Symlinking: /home/sudhindra/joy_commands/install/manual_control/share/manual_control/local_setup.zsh
-- Symlinking: /home/sudhindra/joy_commands/install/manual_control/share/manual_control/local_setup.dsv
-- Symlinking: /home/sudhindra/joy_commands/install/manual_control/share/manual_control/package.dsv
-- Symlinking: /home/sudhindra/joy_commands/install/manual_control/share/ament_index/resource_index/packages/manual_control
-- Symlinking: /home/sudhindra/joy_commands/install/manual_control/share/manual_control/cmake/manual_controlConfig.cmake
-- Symlinking: /home/sudhindra/joy_commands/install/manual_control/share/manual_control/cmake/manual_controlConfig-version.cmake
-- Symlinking: /home/sudhindra/joy_commands/install/manual_control/share/manual_control/package.xml
