[0.020s] Invoking command in '/home/sudhindra/joy_commands/build/manual_control': CMAKE_PREFIX_PATH=/opt/ros/humble /usr/bin/cmake /home/sudhindra/joy_commands/src/manual_control -DCMAKE_INSTALL_PREFIX=/home/sudhindra/joy_commands/install/manual_control
[0.049s] -- Found ament_cmake: 1.3.12 (/opt/ros/humble/share/ament_cmake/cmake)
[0.291s] -- Found rclcpp: 16.0.15 (/opt/ros/humble/share/rclcpp/cmake)
[0.347s] -- Found rosidl_generator_c: 3.1.7 (/opt/ros/humble/share/rosidl_generator_c/cmake)
[0.351s] -- Found rosidl_adapter: 3.1.7 (/opt/ros/humble/share/rosidl_adapter/cmake)
[0.362s] -- Found rosidl_generator_cpp: 3.1.7 (/opt/ros/humble/share/rosidl_generator_cpp/cmake)
[0.379s] -- Using all available rosidl_typesupport_c: rosidl_typesupport_fastrtps_c;rosidl_typesupport_introspection_c
[0.401s] -- Using all available rosidl_typesupport_cpp: rosidl_typesupport_fastrtps_cpp;rosidl_typesupport_introspection_cpp
[0.462s] -- Found rmw_implementation_cmake: 6.1.2 (/opt/ros/humble/share/rmw_implementation_cmake/cmake)
[0.465s] -- Found rmw_fastrtps_cpp: 6.2.9 (/opt/ros/humble/share/rmw_fastrtps_cpp/cmake)
[0.668s] -- Using RMW implementation 'rmw_fastrtps_cpp' as default
[0.763s] -- Found sensor_msgs: 4.9.0 (/opt/ros/humble/share/sensor_msgs/cmake)
[0.829s] -- Found ament_lint_auto: 0.12.14 (/opt/ros/humble/share/ament_lint_auto/cmake)
[0.979s] -- Added test 'cppcheck' to perform static code analysis on C / C++ code
[0.979s] -- Configured cppcheck include dirs: 
[0.979s] -- Configured cppcheck exclude dirs and/or files: 
[0.981s] -- Added test 'lint_cmake' to check CMake code style
[0.984s] -- Added test 'uncrustify' to check C / C++ code style
[0.984s] -- Configured uncrustify additional arguments: 
[0.985s] -- Added test 'xmllint' to check XML markup files
[0.989s] -- Configuring done
[1.009s] -- Generating done
[1.016s] -- Build files have been written to: /home/sudhindra/joy_commands/build/manual_control
[1.033s] Invoked command in '/home/sudhindra/joy_commands/build/manual_control' returned '0': CMAKE_PREFIX_PATH=/opt/ros/humble /usr/bin/cmake /home/sudhindra/joy_commands/src/manual_control -DCMAKE_INSTALL_PREFIX=/home/sudhindra/joy_commands/install/manual_control
[1.037s] Invoking command in '/home/sudhindra/joy_commands/build/manual_control': CMAKE_PREFIX_PATH=/opt/ros/humble /usr/bin/cmake --build /home/sudhindra/joy_commands/build/manual_control -- -j16 -l16
[1.142s] [ 50%] [32mBuilding CXX object CMakeFiles/udp_joystick_sender.dir/src/udp_joystick_sender.cpp.o[0m
[11.353s] [100%] [32m[1mLinking CXX executable udp_joystick_sender[0m
[11.638s] [100%] Built target udp_joystick_sender
[11.649s] Invoked command in '/home/sudhindra/joy_commands/build/manual_control' returned '0': CMAKE_PREFIX_PATH=/opt/ros/humble /usr/bin/cmake --build /home/sudhindra/joy_commands/build/manual_control -- -j16 -l16
[11.657s] Invoking command in '/home/sudhindra/joy_commands/build/manual_control': CMAKE_PREFIX_PATH=/opt/ros/humble /usr/bin/cmake --install /home/sudhindra/joy_commands/build/manual_control
[11.664s] -- Install configuration: ""
[11.664s] -- Installing: /home/sudhindra/joy_commands/install/manual_control/lib/manual_control/udp_joystick_sender
[11.667s] -- Set runtime path of "/home/sudhindra/joy_commands/install/manual_control/lib/manual_control/udp_joystick_sender" to ""
[11.667s] -- Installing: /home/sudhindra/joy_commands/install/manual_control/share/ament_index/resource_index/package_run_dependencies/manual_control
[11.667s] -- Installing: /home/sudhindra/joy_commands/install/manual_control/share/ament_index/resource_index/parent_prefix_path/manual_control
[11.667s] -- Installing: /home/sudhindra/joy_commands/install/manual_control/share/manual_control/environment/ament_prefix_path.sh
[11.667s] -- Installing: /home/sudhindra/joy_commands/install/manual_control/share/manual_control/environment/ament_prefix_path.dsv
[11.667s] -- Installing: /home/sudhindra/joy_commands/install/manual_control/share/manual_control/environment/path.sh
[11.667s] -- Installing: /home/sudhindra/joy_commands/install/manual_control/share/manual_control/environment/path.dsv
[11.667s] -- Installing: /home/sudhindra/joy_commands/install/manual_control/share/manual_control/local_setup.bash
[11.667s] -- Installing: /home/sudhindra/joy_commands/install/manual_control/share/manual_control/local_setup.sh
[11.668s] -- Installing: /home/sudhindra/joy_commands/install/manual_control/share/manual_control/local_setup.zsh
[11.668s] -- Installing: /home/sudhindra/joy_commands/install/manual_control/share/manual_control/local_setup.dsv
[11.668s] -- Installing: /home/sudhindra/joy_commands/install/manual_control/share/manual_control/package.dsv
[11.668s] -- Installing: /home/sudhindra/joy_commands/install/manual_control/share/ament_index/resource_index/packages/manual_control
[11.668s] -- Installing: /home/sudhindra/joy_commands/install/manual_control/share/manual_control/cmake/manual_controlConfig.cmake
[11.668s] -- Installing: /home/sudhindra/joy_commands/install/manual_control/share/manual_control/cmake/manual_controlConfig-version.cmake
[11.668s] -- Installing: /home/sudhindra/joy_commands/install/manual_control/share/manual_control/package.xml
[11.670s] Invoked command in '/home/sudhindra/joy_commands/build/manual_control' returned '0': CMAKE_PREFIX_PATH=/opt/ros/humble /usr/bin/cmake --install /home/sudhindra/joy_commands/build/manual_control
